Terminals unused in grammar

    TM_MALLOC
    TM_RI
    TM_RC
    TM_WI
    TM_WC
    TM_THEN
    TM_WHILE
    TM_DO


Grammar

    0 $accept: NT_WHOLE $end

    1 NT_WHOLE: NT_CMD
    2         | NT_CMDS_
    3         | NT_CMDS_ NT_CMD

    4 NT_CMD: TM_CONTINUE
    5       | TM_BREAK
    6       | TM_SKIP
    7       | TM_VAR TM_IDENT
    8       | NT_EXPR TM_ASGNOP NT_EXPR
    9       | NT_EXPR

   10 NT_CMDS_: NT_CMD_
   11         | NT_CMDS_ NT_CMD_

   12 NT_CMD_: TM_IF TM_LEFT_PAREN NT_EXPR TM_RIGHT_PAREN TM_COLON TM_LEFT_BRACE NT_WHOLE TM_RIGHT_BRACE TM_ELSE TM_COLON TM_LEFT_BRACE NT_WHOLE TM_RIGHT_BRACE
   13        | TM_IF TM_LEFT_PAREN NT_EXPR TM_RIGHT_PAREN TM_COLON TM_LEFT_BRACE NT_WHOLE TM_RIGHT_BRACE
   14        | TM_LOOP_INIT TM_COLON TM_LEFT_BRACE NT_WHOLE TM_RIGHT_BRACE TM_LOOP_BODY TM_COLON TM_LEFT_BRACE NT_WHOLE TM_RIGHT_BRACE
   15        | TM_LOOP_INIT TM_COLON TM_LOOP_BODY TM_COLON TM_LEFT_BRACE NT_WHOLE TM_RIGHT_BRACE
   16        | TM_LOOP_INIT TM_COLON TM_LEFT_BRACE TM_RIGHT_BRACE TM_LOOP_BODY TM_COLON TM_LEFT_BRACE NT_WHOLE TM_RIGHT_BRACE
   17        | NT_CMD TM_SEMICOL
   18        | TM_SEMICOL

   19 NT_EXPR_LIST: NT_EXPR
   20             | NT_EXPR TM_COMMA NT_EXPR_LIST

   21 NT_EXPR_2: TM_NAT
   22          | TM_TRUE
   23          | TM_FALSE
   24          | TM_LEFT_PAREN NT_EXPR TM_RIGHT_PAREN
   25          | TM_IDENT TM_LEFT_PAREN NT_EXPR_LIST TM_RIGHT_PAREN
   26          | TM_IDENT TM_LEFT_PAREN TM_RIGHT_PAREN
   27          | TM_IDENT
   28          | TM_NOT NT_EXPR_2
   29          | TM_MINUS NT_EXPR_2

   30 NT_EXPR: NT_EXPR_2
   31        | NT_EXPR TM_MUL NT_EXPR
   32        | NT_EXPR TM_PLUS NT_EXPR
   33        | NT_EXPR TM_MINUS NT_EXPR
   34        | NT_EXPR TM_DIV NT_EXPR
   35        | NT_EXPR TM_MOD NT_EXPR
   36        | NT_EXPR TM_LT NT_EXPR
   37        | NT_EXPR TM_GT NT_EXPR
   38        | NT_EXPR TM_LE NT_EXPR
   39        | NT_EXPR TM_GE NT_EXPR
   40        | NT_EXPR TM_EQ NT_EXPR
   41        | NT_EXPR TM_NE NT_EXPR
   42        | NT_EXPR TM_AND NT_EXPR
   43        | NT_EXPR TM_OR NT_EXPR


Terminals, with rules where they appear

    $end (0) 0
    error (256)
    TM_NAT <n> (258) 21
    TM_IDENT <i> (259) 7 25 26 27
    TM_LEFT_BRACE <none> (260) 12 13 14 15 16
    TM_RIGHT_BRACE <none> (261) 12 13 14 15 16
    TM_LEFT_PAREN <none> (262) 12 13 24 25 26
    TM_RIGHT_PAREN <none> (263) 12 13 24 25 26
    TM_TRUE <none> (264) 22
    TM_FALSE <none> (265) 23
    TM_COLON <none> (266) 12 13 14 15 16
    TM_COMMA <none> (267) 20
    TM_CONTINUE <none> (268) 4
    TM_BREAK <none> (269) 5
    TM_SKIP <none> (270) 6
    TM_SEMICOL <none> (271) 17 18
    TM_LOOP_INIT <none> (272) 14 15 16
    TM_LOOP_BODY <none> (273) 14 15 16
    TM_MALLOC <none> (274)
    TM_RI <none> (275)
    TM_RC <none> (276)
    TM_WI <none> (277)
    TM_WC <none> (278)
    TM_VAR <none> (279) 7
    TM_IF <none> (280) 12 13
    TM_THEN <none> (281)
    TM_ELSE <none> (282) 12
    TM_WHILE <none> (283)
    TM_DO <none> (284)
    TM_ASGNOP <none> (285) 8
    TM_OR <none> (286) 43
    TM_AND <none> (287) 42
    TM_NOT <none> (288) 28
    TM_LT <none> (289) 36
    TM_LE <none> (290) 38
    TM_GT <none> (291) 37
    TM_GE <none> (292) 39
    TM_EQ <none> (293) 40
    TM_NE <none> (294) 41
    TM_PLUS <none> (295) 32
    TM_MINUS <none> (296) 29 33
    TM_MUL <none> (297) 31
    TM_DIV <none> (298) 34
    TM_MOD <none> (299) 35


Nonterminals, with rules where they appear

    $accept (45)
        on left: 0
    NT_WHOLE <c> (46)
        on left: 1 2 3
        on right: 0 12 13 14 15 16
    NT_CMD <c> (47)
        on left: 4 5 6 7 8 9
        on right: 1 3 17
    NT_CMDS_ <c> (48)
        on left: 10 11
        on right: 2 3 11
    NT_CMD_ <c> (49)
        on left: 12 13 14 15 16 17 18
        on right: 10 11
    NT_EXPR_LIST <e_l> (50)
        on left: 19 20
        on right: 20 25
    NT_EXPR_2 <e> (51)
        on left: 21 22 23 24 25 26 27 28 29
        on right: 28 29 30
    NT_EXPR <e> (52)
        on left: 30 31 32 33 34 35 36 37 38 39 40 41 42 43
        on right: 8 9 12 13 19 20 24 31 32 33 34 35 36 37 38 39 40 41 42 43


State 0

    0 $accept: • NT_WHOLE $end

    TM_NAT         shift, and go to state 1
    TM_IDENT       shift, and go to state 2
    TM_LEFT_PAREN  shift, and go to state 3
    TM_TRUE        shift, and go to state 4
    TM_FALSE       shift, and go to state 5
    TM_CONTINUE    shift, and go to state 6
    TM_BREAK       shift, and go to state 7
    TM_SKIP        shift, and go to state 8
    TM_SEMICOL     shift, and go to state 9
    TM_LOOP_INIT   shift, and go to state 10
    TM_VAR         shift, and go to state 11
    TM_IF          shift, and go to state 12
    TM_NOT         shift, and go to state 13
    TM_MINUS       shift, and go to state 14

    NT_WHOLE   go to state 15
    NT_CMD     go to state 16
    NT_CMDS_   go to state 17
    NT_CMD_    go to state 18
    NT_EXPR_2  go to state 19
    NT_EXPR    go to state 20


State 1

   21 NT_EXPR_2: TM_NAT •

    $default  reduce using rule 21 (NT_EXPR_2)


State 2

   25 NT_EXPR_2: TM_IDENT • TM_LEFT_PAREN NT_EXPR_LIST TM_RIGHT_PAREN
   26          | TM_IDENT • TM_LEFT_PAREN TM_RIGHT_PAREN
   27          | TM_IDENT •

    TM_LEFT_PAREN  shift, and go to state 21

    $default  reduce using rule 27 (NT_EXPR_2)


State 3

   24 NT_EXPR_2: TM_LEFT_PAREN • NT_EXPR TM_RIGHT_PAREN

    TM_NAT         shift, and go to state 1
    TM_IDENT       shift, and go to state 2
    TM_LEFT_PAREN  shift, and go to state 3
    TM_TRUE        shift, and go to state 4
    TM_FALSE       shift, and go to state 5
    TM_NOT         shift, and go to state 13
    TM_MINUS       shift, and go to state 14

    NT_EXPR_2  go to state 19
    NT_EXPR    go to state 22


State 4

   22 NT_EXPR_2: TM_TRUE •

    $default  reduce using rule 22 (NT_EXPR_2)


State 5

   23 NT_EXPR_2: TM_FALSE •

    $default  reduce using rule 23 (NT_EXPR_2)


State 6

    4 NT_CMD: TM_CONTINUE •

    $default  reduce using rule 4 (NT_CMD)


State 7

    5 NT_CMD: TM_BREAK •

    $default  reduce using rule 5 (NT_CMD)


State 8

    6 NT_CMD: TM_SKIP •

    $default  reduce using rule 6 (NT_CMD)


State 9

   18 NT_CMD_: TM_SEMICOL •

    $default  reduce using rule 18 (NT_CMD_)


State 10

   14 NT_CMD_: TM_LOOP_INIT • TM_COLON TM_LEFT_BRACE NT_WHOLE TM_RIGHT_BRACE TM_LOOP_BODY TM_COLON TM_LEFT_BRACE NT_WHOLE TM_RIGHT_BRACE
   15        | TM_LOOP_INIT • TM_COLON TM_LOOP_BODY TM_COLON TM_LEFT_BRACE NT_WHOLE TM_RIGHT_BRACE
   16        | TM_LOOP_INIT • TM_COLON TM_LEFT_BRACE TM_RIGHT_BRACE TM_LOOP_BODY TM_COLON TM_LEFT_BRACE NT_WHOLE TM_RIGHT_BRACE

    TM_COLON  shift, and go to state 23


State 11

    7 NT_CMD: TM_VAR • TM_IDENT

    TM_IDENT  shift, and go to state 24


State 12

   12 NT_CMD_: TM_IF • TM_LEFT_PAREN NT_EXPR TM_RIGHT_PAREN TM_COLON TM_LEFT_BRACE NT_WHOLE TM_RIGHT_BRACE TM_ELSE TM_COLON TM_LEFT_BRACE NT_WHOLE TM_RIGHT_BRACE
   13        | TM_IF • TM_LEFT_PAREN NT_EXPR TM_RIGHT_PAREN TM_COLON TM_LEFT_BRACE NT_WHOLE TM_RIGHT_BRACE

    TM_LEFT_PAREN  shift, and go to state 25


State 13

   28 NT_EXPR_2: TM_NOT • NT_EXPR_2

    TM_NAT         shift, and go to state 1
    TM_IDENT       shift, and go to state 2
    TM_LEFT_PAREN  shift, and go to state 3
    TM_TRUE        shift, and go to state 4
    TM_FALSE       shift, and go to state 5
    TM_NOT         shift, and go to state 13
    TM_MINUS       shift, and go to state 14

    NT_EXPR_2  go to state 26


State 14

   29 NT_EXPR_2: TM_MINUS • NT_EXPR_2

    TM_NAT         shift, and go to state 1
    TM_IDENT       shift, and go to state 2
    TM_LEFT_PAREN  shift, and go to state 3
    TM_TRUE        shift, and go to state 4
    TM_FALSE       shift, and go to state 5
    TM_NOT         shift, and go to state 13
    TM_MINUS       shift, and go to state 14

    NT_EXPR_2  go to state 27


State 15

    0 $accept: NT_WHOLE • $end

    $end  shift, and go to state 28


State 16

    1 NT_WHOLE: NT_CMD •
   17 NT_CMD_: NT_CMD • TM_SEMICOL

    TM_SEMICOL  shift, and go to state 29

    $default  reduce using rule 1 (NT_WHOLE)


State 17

    2 NT_WHOLE: NT_CMDS_ •
    3         | NT_CMDS_ • NT_CMD
   11 NT_CMDS_: NT_CMDS_ • NT_CMD_

    TM_NAT         shift, and go to state 1
    TM_IDENT       shift, and go to state 2
    TM_LEFT_PAREN  shift, and go to state 3
    TM_TRUE        shift, and go to state 4
    TM_FALSE       shift, and go to state 5
    TM_CONTINUE    shift, and go to state 6
    TM_BREAK       shift, and go to state 7
    TM_SKIP        shift, and go to state 8
    TM_SEMICOL     shift, and go to state 9
    TM_LOOP_INIT   shift, and go to state 10
    TM_VAR         shift, and go to state 11
    TM_IF          shift, and go to state 12
    TM_NOT         shift, and go to state 13
    TM_MINUS       shift, and go to state 14

    $default  reduce using rule 2 (NT_WHOLE)

    NT_CMD     go to state 30
    NT_CMD_    go to state 31
    NT_EXPR_2  go to state 19
    NT_EXPR    go to state 20


State 18

   10 NT_CMDS_: NT_CMD_ •

    $default  reduce using rule 10 (NT_CMDS_)


State 19

   30 NT_EXPR: NT_EXPR_2 •

    $default  reduce using rule 30 (NT_EXPR)


State 20

    8 NT_CMD: NT_EXPR • TM_ASGNOP NT_EXPR
    9       | NT_EXPR •
   31 NT_EXPR: NT_EXPR • TM_MUL NT_EXPR
   32        | NT_EXPR • TM_PLUS NT_EXPR
   33        | NT_EXPR • TM_MINUS NT_EXPR
   34        | NT_EXPR • TM_DIV NT_EXPR
   35        | NT_EXPR • TM_MOD NT_EXPR
   36        | NT_EXPR • TM_LT NT_EXPR
   37        | NT_EXPR • TM_GT NT_EXPR
   38        | NT_EXPR • TM_LE NT_EXPR
   39        | NT_EXPR • TM_GE NT_EXPR
   40        | NT_EXPR • TM_EQ NT_EXPR
   41        | NT_EXPR • TM_NE NT_EXPR
   42        | NT_EXPR • TM_AND NT_EXPR
   43        | NT_EXPR • TM_OR NT_EXPR

    TM_ASGNOP  shift, and go to state 32
    TM_OR      shift, and go to state 33
    TM_AND     shift, and go to state 34
    TM_LT      shift, and go to state 35
    TM_LE      shift, and go to state 36
    TM_GT      shift, and go to state 37
    TM_GE      shift, and go to state 38
    TM_EQ      shift, and go to state 39
    TM_NE      shift, and go to state 40
    TM_PLUS    shift, and go to state 41
    TM_MINUS   shift, and go to state 42
    TM_MUL     shift, and go to state 43
    TM_DIV     shift, and go to state 44
    TM_MOD     shift, and go to state 45

    $default  reduce using rule 9 (NT_CMD)


State 21

   25 NT_EXPR_2: TM_IDENT TM_LEFT_PAREN • NT_EXPR_LIST TM_RIGHT_PAREN
   26          | TM_IDENT TM_LEFT_PAREN • TM_RIGHT_PAREN

    TM_NAT          shift, and go to state 1
    TM_IDENT        shift, and go to state 2
    TM_LEFT_PAREN   shift, and go to state 3
    TM_RIGHT_PAREN  shift, and go to state 46
    TM_TRUE         shift, and go to state 4
    TM_FALSE        shift, and go to state 5
    TM_NOT          shift, and go to state 13
    TM_MINUS        shift, and go to state 14

    NT_EXPR_LIST  go to state 47
    NT_EXPR_2     go to state 19
    NT_EXPR       go to state 48


State 22

   24 NT_EXPR_2: TM_LEFT_PAREN NT_EXPR • TM_RIGHT_PAREN
   31 NT_EXPR: NT_EXPR • TM_MUL NT_EXPR
   32        | NT_EXPR • TM_PLUS NT_EXPR
   33        | NT_EXPR • TM_MINUS NT_EXPR
   34        | NT_EXPR • TM_DIV NT_EXPR
   35        | NT_EXPR • TM_MOD NT_EXPR
   36        | NT_EXPR • TM_LT NT_EXPR
   37        | NT_EXPR • TM_GT NT_EXPR
   38        | NT_EXPR • TM_LE NT_EXPR
   39        | NT_EXPR • TM_GE NT_EXPR
   40        | NT_EXPR • TM_EQ NT_EXPR
   41        | NT_EXPR • TM_NE NT_EXPR
   42        | NT_EXPR • TM_AND NT_EXPR
   43        | NT_EXPR • TM_OR NT_EXPR

    TM_RIGHT_PAREN  shift, and go to state 49
    TM_OR           shift, and go to state 33
    TM_AND          shift, and go to state 34
    TM_LT           shift, and go to state 35
    TM_LE           shift, and go to state 36
    TM_GT           shift, and go to state 37
    TM_GE           shift, and go to state 38
    TM_EQ           shift, and go to state 39
    TM_NE           shift, and go to state 40
    TM_PLUS         shift, and go to state 41
    TM_MINUS        shift, and go to state 42
    TM_MUL          shift, and go to state 43
    TM_DIV          shift, and go to state 44
    TM_MOD          shift, and go to state 45


State 23

   14 NT_CMD_: TM_LOOP_INIT TM_COLON • TM_LEFT_BRACE NT_WHOLE TM_RIGHT_BRACE TM_LOOP_BODY TM_COLON TM_LEFT_BRACE NT_WHOLE TM_RIGHT_BRACE
   15        | TM_LOOP_INIT TM_COLON • TM_LOOP_BODY TM_COLON TM_LEFT_BRACE NT_WHOLE TM_RIGHT_BRACE
   16        | TM_LOOP_INIT TM_COLON • TM_LEFT_BRACE TM_RIGHT_BRACE TM_LOOP_BODY TM_COLON TM_LEFT_BRACE NT_WHOLE TM_RIGHT_BRACE

    TM_LEFT_BRACE  shift, and go to state 50
    TM_LOOP_BODY   shift, and go to state 51


State 24

    7 NT_CMD: TM_VAR TM_IDENT •

    $default  reduce using rule 7 (NT_CMD)


State 25

   12 NT_CMD_: TM_IF TM_LEFT_PAREN • NT_EXPR TM_RIGHT_PAREN TM_COLON TM_LEFT_BRACE NT_WHOLE TM_RIGHT_BRACE TM_ELSE TM_COLON TM_LEFT_BRACE NT_WHOLE TM_RIGHT_BRACE
   13        | TM_IF TM_LEFT_PAREN • NT_EXPR TM_RIGHT_PAREN TM_COLON TM_LEFT_BRACE NT_WHOLE TM_RIGHT_BRACE

    TM_NAT         shift, and go to state 1
    TM_IDENT       shift, and go to state 2
    TM_LEFT_PAREN  shift, and go to state 3
    TM_TRUE        shift, and go to state 4
    TM_FALSE       shift, and go to state 5
    TM_NOT         shift, and go to state 13
    TM_MINUS       shift, and go to state 14

    NT_EXPR_2  go to state 19
    NT_EXPR    go to state 52


State 26

   28 NT_EXPR_2: TM_NOT NT_EXPR_2 •

    $default  reduce using rule 28 (NT_EXPR_2)


State 27

   29 NT_EXPR_2: TM_MINUS NT_EXPR_2 •

    $default  reduce using rule 29 (NT_EXPR_2)


State 28

    0 $accept: NT_WHOLE $end •

    $default  accept


State 29

   17 NT_CMD_: NT_CMD TM_SEMICOL •

    $default  reduce using rule 17 (NT_CMD_)


State 30

    3 NT_WHOLE: NT_CMDS_ NT_CMD •
   17 NT_CMD_: NT_CMD • TM_SEMICOL

    TM_SEMICOL  shift, and go to state 29

    $default  reduce using rule 3 (NT_WHOLE)


State 31

   11 NT_CMDS_: NT_CMDS_ NT_CMD_ •

    $default  reduce using rule 11 (NT_CMDS_)


State 32

    8 NT_CMD: NT_EXPR TM_ASGNOP • NT_EXPR

    TM_NAT         shift, and go to state 1
    TM_IDENT       shift, and go to state 2
    TM_LEFT_PAREN  shift, and go to state 3
    TM_TRUE        shift, and go to state 4
    TM_FALSE       shift, and go to state 5
    TM_NOT         shift, and go to state 13
    TM_MINUS       shift, and go to state 14

    NT_EXPR_2  go to state 19
    NT_EXPR    go to state 53


State 33

   43 NT_EXPR: NT_EXPR TM_OR • NT_EXPR

    TM_NAT         shift, and go to state 1
    TM_IDENT       shift, and go to state 2
    TM_LEFT_PAREN  shift, and go to state 3
    TM_TRUE        shift, and go to state 4
    TM_FALSE       shift, and go to state 5
    TM_NOT         shift, and go to state 13
    TM_MINUS       shift, and go to state 14

    NT_EXPR_2  go to state 19
    NT_EXPR    go to state 54


State 34

   42 NT_EXPR: NT_EXPR TM_AND • NT_EXPR

    TM_NAT         shift, and go to state 1
    TM_IDENT       shift, and go to state 2
    TM_LEFT_PAREN  shift, and go to state 3
    TM_TRUE        shift, and go to state 4
    TM_FALSE       shift, and go to state 5
    TM_NOT         shift, and go to state 13
    TM_MINUS       shift, and go to state 14

    NT_EXPR_2  go to state 19
    NT_EXPR    go to state 55


State 35

   36 NT_EXPR: NT_EXPR TM_LT • NT_EXPR

    TM_NAT         shift, and go to state 1
    TM_IDENT       shift, and go to state 2
    TM_LEFT_PAREN  shift, and go to state 3
    TM_TRUE        shift, and go to state 4
    TM_FALSE       shift, and go to state 5
    TM_NOT         shift, and go to state 13
    TM_MINUS       shift, and go to state 14

    NT_EXPR_2  go to state 19
    NT_EXPR    go to state 56


State 36

   38 NT_EXPR: NT_EXPR TM_LE • NT_EXPR

    TM_NAT         shift, and go to state 1
    TM_IDENT       shift, and go to state 2
    TM_LEFT_PAREN  shift, and go to state 3
    TM_TRUE        shift, and go to state 4
    TM_FALSE       shift, and go to state 5
    TM_NOT         shift, and go to state 13
    TM_MINUS       shift, and go to state 14

    NT_EXPR_2  go to state 19
    NT_EXPR    go to state 57


State 37

   37 NT_EXPR: NT_EXPR TM_GT • NT_EXPR

    TM_NAT         shift, and go to state 1
    TM_IDENT       shift, and go to state 2
    TM_LEFT_PAREN  shift, and go to state 3
    TM_TRUE        shift, and go to state 4
    TM_FALSE       shift, and go to state 5
    TM_NOT         shift, and go to state 13
    TM_MINUS       shift, and go to state 14

    NT_EXPR_2  go to state 19
    NT_EXPR    go to state 58


State 38

   39 NT_EXPR: NT_EXPR TM_GE • NT_EXPR

    TM_NAT         shift, and go to state 1
    TM_IDENT       shift, and go to state 2
    TM_LEFT_PAREN  shift, and go to state 3
    TM_TRUE        shift, and go to state 4
    TM_FALSE       shift, and go to state 5
    TM_NOT         shift, and go to state 13
    TM_MINUS       shift, and go to state 14

    NT_EXPR_2  go to state 19
    NT_EXPR    go to state 59


State 39

   40 NT_EXPR: NT_EXPR TM_EQ • NT_EXPR

    TM_NAT         shift, and go to state 1
    TM_IDENT       shift, and go to state 2
    TM_LEFT_PAREN  shift, and go to state 3
    TM_TRUE        shift, and go to state 4
    TM_FALSE       shift, and go to state 5
    TM_NOT         shift, and go to state 13
    TM_MINUS       shift, and go to state 14

    NT_EXPR_2  go to state 19
    NT_EXPR    go to state 60


State 40

   41 NT_EXPR: NT_EXPR TM_NE • NT_EXPR

    TM_NAT         shift, and go to state 1
    TM_IDENT       shift, and go to state 2
    TM_LEFT_PAREN  shift, and go to state 3
    TM_TRUE        shift, and go to state 4
    TM_FALSE       shift, and go to state 5
    TM_NOT         shift, and go to state 13
    TM_MINUS       shift, and go to state 14

    NT_EXPR_2  go to state 19
    NT_EXPR    go to state 61


State 41

   32 NT_EXPR: NT_EXPR TM_PLUS • NT_EXPR

    TM_NAT         shift, and go to state 1
    TM_IDENT       shift, and go to state 2
    TM_LEFT_PAREN  shift, and go to state 3
    TM_TRUE        shift, and go to state 4
    TM_FALSE       shift, and go to state 5
    TM_NOT         shift, and go to state 13
    TM_MINUS       shift, and go to state 14

    NT_EXPR_2  go to state 19
    NT_EXPR    go to state 62


State 42

   33 NT_EXPR: NT_EXPR TM_MINUS • NT_EXPR

    TM_NAT         shift, and go to state 1
    TM_IDENT       shift, and go to state 2
    TM_LEFT_PAREN  shift, and go to state 3
    TM_TRUE        shift, and go to state 4
    TM_FALSE       shift, and go to state 5
    TM_NOT         shift, and go to state 13
    TM_MINUS       shift, and go to state 14

    NT_EXPR_2  go to state 19
    NT_EXPR    go to state 63


State 43

   31 NT_EXPR: NT_EXPR TM_MUL • NT_EXPR

    TM_NAT         shift, and go to state 1
    TM_IDENT       shift, and go to state 2
    TM_LEFT_PAREN  shift, and go to state 3
    TM_TRUE        shift, and go to state 4
    TM_FALSE       shift, and go to state 5
    TM_NOT         shift, and go to state 13
    TM_MINUS       shift, and go to state 14

    NT_EXPR_2  go to state 19
    NT_EXPR    go to state 64


State 44

   34 NT_EXPR: NT_EXPR TM_DIV • NT_EXPR

    TM_NAT         shift, and go to state 1
    TM_IDENT       shift, and go to state 2
    TM_LEFT_PAREN  shift, and go to state 3
    TM_TRUE        shift, and go to state 4
    TM_FALSE       shift, and go to state 5
    TM_NOT         shift, and go to state 13
    TM_MINUS       shift, and go to state 14

    NT_EXPR_2  go to state 19
    NT_EXPR    go to state 65


State 45

   35 NT_EXPR: NT_EXPR TM_MOD • NT_EXPR

    TM_NAT         shift, and go to state 1
    TM_IDENT       shift, and go to state 2
    TM_LEFT_PAREN  shift, and go to state 3
    TM_TRUE        shift, and go to state 4
    TM_FALSE       shift, and go to state 5
    TM_NOT         shift, and go to state 13
    TM_MINUS       shift, and go to state 14

    NT_EXPR_2  go to state 19
    NT_EXPR    go to state 66


State 46

   26 NT_EXPR_2: TM_IDENT TM_LEFT_PAREN TM_RIGHT_PAREN •

    $default  reduce using rule 26 (NT_EXPR_2)


State 47

   25 NT_EXPR_2: TM_IDENT TM_LEFT_PAREN NT_EXPR_LIST • TM_RIGHT_PAREN

    TM_RIGHT_PAREN  shift, and go to state 67


State 48

   19 NT_EXPR_LIST: NT_EXPR •
   20             | NT_EXPR • TM_COMMA NT_EXPR_LIST
   31 NT_EXPR: NT_EXPR • TM_MUL NT_EXPR
   32        | NT_EXPR • TM_PLUS NT_EXPR
   33        | NT_EXPR • TM_MINUS NT_EXPR
   34        | NT_EXPR • TM_DIV NT_EXPR
   35        | NT_EXPR • TM_MOD NT_EXPR
   36        | NT_EXPR • TM_LT NT_EXPR
   37        | NT_EXPR • TM_GT NT_EXPR
   38        | NT_EXPR • TM_LE NT_EXPR
   39        | NT_EXPR • TM_GE NT_EXPR
   40        | NT_EXPR • TM_EQ NT_EXPR
   41        | NT_EXPR • TM_NE NT_EXPR
   42        | NT_EXPR • TM_AND NT_EXPR
   43        | NT_EXPR • TM_OR NT_EXPR

    TM_COMMA  shift, and go to state 68
    TM_OR     shift, and go to state 33
    TM_AND    shift, and go to state 34
    TM_LT     shift, and go to state 35
    TM_LE     shift, and go to state 36
    TM_GT     shift, and go to state 37
    TM_GE     shift, and go to state 38
    TM_EQ     shift, and go to state 39
    TM_NE     shift, and go to state 40
    TM_PLUS   shift, and go to state 41
    TM_MINUS  shift, and go to state 42
    TM_MUL    shift, and go to state 43
    TM_DIV    shift, and go to state 44
    TM_MOD    shift, and go to state 45

    $default  reduce using rule 19 (NT_EXPR_LIST)


State 49

   24 NT_EXPR_2: TM_LEFT_PAREN NT_EXPR TM_RIGHT_PAREN •

    $default  reduce using rule 24 (NT_EXPR_2)


State 50

   14 NT_CMD_: TM_LOOP_INIT TM_COLON TM_LEFT_BRACE • NT_WHOLE TM_RIGHT_BRACE TM_LOOP_BODY TM_COLON TM_LEFT_BRACE NT_WHOLE TM_RIGHT_BRACE
   16        | TM_LOOP_INIT TM_COLON TM_LEFT_BRACE • TM_RIGHT_BRACE TM_LOOP_BODY TM_COLON TM_LEFT_BRACE NT_WHOLE TM_RIGHT_BRACE

    TM_NAT          shift, and go to state 1
    TM_IDENT        shift, and go to state 2
    TM_RIGHT_BRACE  shift, and go to state 69
    TM_LEFT_PAREN   shift, and go to state 3
    TM_TRUE         shift, and go to state 4
    TM_FALSE        shift, and go to state 5
    TM_CONTINUE     shift, and go to state 6
    TM_BREAK        shift, and go to state 7
    TM_SKIP         shift, and go to state 8
    TM_SEMICOL      shift, and go to state 9
    TM_LOOP_INIT    shift, and go to state 10
    TM_VAR          shift, and go to state 11
    TM_IF           shift, and go to state 12
    TM_NOT          shift, and go to state 13
    TM_MINUS        shift, and go to state 14

    NT_WHOLE   go to state 70
    NT_CMD     go to state 16
    NT_CMDS_   go to state 17
    NT_CMD_    go to state 18
    NT_EXPR_2  go to state 19
    NT_EXPR    go to state 20


State 51

   15 NT_CMD_: TM_LOOP_INIT TM_COLON TM_LOOP_BODY • TM_COLON TM_LEFT_BRACE NT_WHOLE TM_RIGHT_BRACE

    TM_COLON  shift, and go to state 71


State 52

   12 NT_CMD_: TM_IF TM_LEFT_PAREN NT_EXPR • TM_RIGHT_PAREN TM_COLON TM_LEFT_BRACE NT_WHOLE TM_RIGHT_BRACE TM_ELSE TM_COLON TM_LEFT_BRACE NT_WHOLE TM_RIGHT_BRACE
   13        | TM_IF TM_LEFT_PAREN NT_EXPR • TM_RIGHT_PAREN TM_COLON TM_LEFT_BRACE NT_WHOLE TM_RIGHT_BRACE
   31 NT_EXPR: NT_EXPR • TM_MUL NT_EXPR
   32        | NT_EXPR • TM_PLUS NT_EXPR
   33        | NT_EXPR • TM_MINUS NT_EXPR
   34        | NT_EXPR • TM_DIV NT_EXPR
   35        | NT_EXPR • TM_MOD NT_EXPR
   36        | NT_EXPR • TM_LT NT_EXPR
   37        | NT_EXPR • TM_GT NT_EXPR
   38        | NT_EXPR • TM_LE NT_EXPR
   39        | NT_EXPR • TM_GE NT_EXPR
   40        | NT_EXPR • TM_EQ NT_EXPR
   41        | NT_EXPR • TM_NE NT_EXPR
   42        | NT_EXPR • TM_AND NT_EXPR
   43        | NT_EXPR • TM_OR NT_EXPR

    TM_RIGHT_PAREN  shift, and go to state 72
    TM_OR           shift, and go to state 33
    TM_AND          shift, and go to state 34
    TM_LT           shift, and go to state 35
    TM_LE           shift, and go to state 36
    TM_GT           shift, and go to state 37
    TM_GE           shift, and go to state 38
    TM_EQ           shift, and go to state 39
    TM_NE           shift, and go to state 40
    TM_PLUS         shift, and go to state 41
    TM_MINUS        shift, and go to state 42
    TM_MUL          shift, and go to state 43
    TM_DIV          shift, and go to state 44
    TM_MOD          shift, and go to state 45


State 53

    8 NT_CMD: NT_EXPR TM_ASGNOP NT_EXPR •
   31 NT_EXPR: NT_EXPR • TM_MUL NT_EXPR
   32        | NT_EXPR • TM_PLUS NT_EXPR
   33        | NT_EXPR • TM_MINUS NT_EXPR
   34        | NT_EXPR • TM_DIV NT_EXPR
   35        | NT_EXPR • TM_MOD NT_EXPR
   36        | NT_EXPR • TM_LT NT_EXPR
   37        | NT_EXPR • TM_GT NT_EXPR
   38        | NT_EXPR • TM_LE NT_EXPR
   39        | NT_EXPR • TM_GE NT_EXPR
   40        | NT_EXPR • TM_EQ NT_EXPR
   41        | NT_EXPR • TM_NE NT_EXPR
   42        | NT_EXPR • TM_AND NT_EXPR
   43        | NT_EXPR • TM_OR NT_EXPR

    TM_OR     shift, and go to state 33
    TM_AND    shift, and go to state 34
    TM_LT     shift, and go to state 35
    TM_LE     shift, and go to state 36
    TM_GT     shift, and go to state 37
    TM_GE     shift, and go to state 38
    TM_EQ     shift, and go to state 39
    TM_NE     shift, and go to state 40
    TM_PLUS   shift, and go to state 41
    TM_MINUS  shift, and go to state 42
    TM_MUL    shift, and go to state 43
    TM_DIV    shift, and go to state 44
    TM_MOD    shift, and go to state 45

    $default  reduce using rule 8 (NT_CMD)


State 54

   31 NT_EXPR: NT_EXPR • TM_MUL NT_EXPR
   32        | NT_EXPR • TM_PLUS NT_EXPR
   33        | NT_EXPR • TM_MINUS NT_EXPR
   34        | NT_EXPR • TM_DIV NT_EXPR
   35        | NT_EXPR • TM_MOD NT_EXPR
   36        | NT_EXPR • TM_LT NT_EXPR
   37        | NT_EXPR • TM_GT NT_EXPR
   38        | NT_EXPR • TM_LE NT_EXPR
   39        | NT_EXPR • TM_GE NT_EXPR
   40        | NT_EXPR • TM_EQ NT_EXPR
   41        | NT_EXPR • TM_NE NT_EXPR
   42        | NT_EXPR • TM_AND NT_EXPR
   43        | NT_EXPR • TM_OR NT_EXPR
   43        | NT_EXPR TM_OR NT_EXPR •

    TM_AND    shift, and go to state 34
    TM_LT     shift, and go to state 35
    TM_LE     shift, and go to state 36
    TM_GT     shift, and go to state 37
    TM_GE     shift, and go to state 38
    TM_EQ     shift, and go to state 39
    TM_NE     shift, and go to state 40
    TM_PLUS   shift, and go to state 41
    TM_MINUS  shift, and go to state 42
    TM_MUL    shift, and go to state 43
    TM_DIV    shift, and go to state 44
    TM_MOD    shift, and go to state 45

    $default  reduce using rule 43 (NT_EXPR)


State 55

   31 NT_EXPR: NT_EXPR • TM_MUL NT_EXPR
   32        | NT_EXPR • TM_PLUS NT_EXPR
   33        | NT_EXPR • TM_MINUS NT_EXPR
   34        | NT_EXPR • TM_DIV NT_EXPR
   35        | NT_EXPR • TM_MOD NT_EXPR
   36        | NT_EXPR • TM_LT NT_EXPR
   37        | NT_EXPR • TM_GT NT_EXPR
   38        | NT_EXPR • TM_LE NT_EXPR
   39        | NT_EXPR • TM_GE NT_EXPR
   40        | NT_EXPR • TM_EQ NT_EXPR
   41        | NT_EXPR • TM_NE NT_EXPR
   42        | NT_EXPR • TM_AND NT_EXPR
   42        | NT_EXPR TM_AND NT_EXPR •
   43        | NT_EXPR • TM_OR NT_EXPR

    TM_LT     shift, and go to state 35
    TM_LE     shift, and go to state 36
    TM_GT     shift, and go to state 37
    TM_GE     shift, and go to state 38
    TM_EQ     shift, and go to state 39
    TM_NE     shift, and go to state 40
    TM_PLUS   shift, and go to state 41
    TM_MINUS  shift, and go to state 42
    TM_MUL    shift, and go to state 43
    TM_DIV    shift, and go to state 44
    TM_MOD    shift, and go to state 45

    $default  reduce using rule 42 (NT_EXPR)


State 56

   31 NT_EXPR: NT_EXPR • TM_MUL NT_EXPR
   32        | NT_EXPR • TM_PLUS NT_EXPR
   33        | NT_EXPR • TM_MINUS NT_EXPR
   34        | NT_EXPR • TM_DIV NT_EXPR
   35        | NT_EXPR • TM_MOD NT_EXPR
   36        | NT_EXPR • TM_LT NT_EXPR
   36        | NT_EXPR TM_LT NT_EXPR •
   37        | NT_EXPR • TM_GT NT_EXPR
   38        | NT_EXPR • TM_LE NT_EXPR
   39        | NT_EXPR • TM_GE NT_EXPR
   40        | NT_EXPR • TM_EQ NT_EXPR
   41        | NT_EXPR • TM_NE NT_EXPR
   42        | NT_EXPR • TM_AND NT_EXPR
   43        | NT_EXPR • TM_OR NT_EXPR

    TM_PLUS   shift, and go to state 41
    TM_MINUS  shift, and go to state 42
    TM_MUL    shift, and go to state 43
    TM_DIV    shift, and go to state 44
    TM_MOD    shift, and go to state 45

    $default  reduce using rule 36 (NT_EXPR)


State 57

   31 NT_EXPR: NT_EXPR • TM_MUL NT_EXPR
   32        | NT_EXPR • TM_PLUS NT_EXPR
   33        | NT_EXPR • TM_MINUS NT_EXPR
   34        | NT_EXPR • TM_DIV NT_EXPR
   35        | NT_EXPR • TM_MOD NT_EXPR
   36        | NT_EXPR • TM_LT NT_EXPR
   37        | NT_EXPR • TM_GT NT_EXPR
   38        | NT_EXPR • TM_LE NT_EXPR
   38        | NT_EXPR TM_LE NT_EXPR •
   39        | NT_EXPR • TM_GE NT_EXPR
   40        | NT_EXPR • TM_EQ NT_EXPR
   41        | NT_EXPR • TM_NE NT_EXPR
   42        | NT_EXPR • TM_AND NT_EXPR
   43        | NT_EXPR • TM_OR NT_EXPR

    TM_PLUS   shift, and go to state 41
    TM_MINUS  shift, and go to state 42
    TM_MUL    shift, and go to state 43
    TM_DIV    shift, and go to state 44
    TM_MOD    shift, and go to state 45

    $default  reduce using rule 38 (NT_EXPR)


State 58

   31 NT_EXPR: NT_EXPR • TM_MUL NT_EXPR
   32        | NT_EXPR • TM_PLUS NT_EXPR
   33        | NT_EXPR • TM_MINUS NT_EXPR
   34        | NT_EXPR • TM_DIV NT_EXPR
   35        | NT_EXPR • TM_MOD NT_EXPR
   36        | NT_EXPR • TM_LT NT_EXPR
   37        | NT_EXPR • TM_GT NT_EXPR
   37        | NT_EXPR TM_GT NT_EXPR •
   38        | NT_EXPR • TM_LE NT_EXPR
   39        | NT_EXPR • TM_GE NT_EXPR
   40        | NT_EXPR • TM_EQ NT_EXPR
   41        | NT_EXPR • TM_NE NT_EXPR
   42        | NT_EXPR • TM_AND NT_EXPR
   43        | NT_EXPR • TM_OR NT_EXPR

    TM_PLUS   shift, and go to state 41
    TM_MINUS  shift, and go to state 42
    TM_MUL    shift, and go to state 43
    TM_DIV    shift, and go to state 44
    TM_MOD    shift, and go to state 45

    $default  reduce using rule 37 (NT_EXPR)


State 59

   31 NT_EXPR: NT_EXPR • TM_MUL NT_EXPR
   32        | NT_EXPR • TM_PLUS NT_EXPR
   33        | NT_EXPR • TM_MINUS NT_EXPR
   34        | NT_EXPR • TM_DIV NT_EXPR
   35        | NT_EXPR • TM_MOD NT_EXPR
   36        | NT_EXPR • TM_LT NT_EXPR
   37        | NT_EXPR • TM_GT NT_EXPR
   38        | NT_EXPR • TM_LE NT_EXPR
   39        | NT_EXPR • TM_GE NT_EXPR
   39        | NT_EXPR TM_GE NT_EXPR •
   40        | NT_EXPR • TM_EQ NT_EXPR
   41        | NT_EXPR • TM_NE NT_EXPR
   42        | NT_EXPR • TM_AND NT_EXPR
   43        | NT_EXPR • TM_OR NT_EXPR

    TM_PLUS   shift, and go to state 41
    TM_MINUS  shift, and go to state 42
    TM_MUL    shift, and go to state 43
    TM_DIV    shift, and go to state 44
    TM_MOD    shift, and go to state 45

    $default  reduce using rule 39 (NT_EXPR)


State 60

   31 NT_EXPR: NT_EXPR • TM_MUL NT_EXPR
   32        | NT_EXPR • TM_PLUS NT_EXPR
   33        | NT_EXPR • TM_MINUS NT_EXPR
   34        | NT_EXPR • TM_DIV NT_EXPR
   35        | NT_EXPR • TM_MOD NT_EXPR
   36        | NT_EXPR • TM_LT NT_EXPR
   37        | NT_EXPR • TM_GT NT_EXPR
   38        | NT_EXPR • TM_LE NT_EXPR
   39        | NT_EXPR • TM_GE NT_EXPR
   40        | NT_EXPR • TM_EQ NT_EXPR
   40        | NT_EXPR TM_EQ NT_EXPR •
   41        | NT_EXPR • TM_NE NT_EXPR
   42        | NT_EXPR • TM_AND NT_EXPR
   43        | NT_EXPR • TM_OR NT_EXPR

    TM_PLUS   shift, and go to state 41
    TM_MINUS  shift, and go to state 42
    TM_MUL    shift, and go to state 43
    TM_DIV    shift, and go to state 44
    TM_MOD    shift, and go to state 45

    $default  reduce using rule 40 (NT_EXPR)


State 61

   31 NT_EXPR: NT_EXPR • TM_MUL NT_EXPR
   32        | NT_EXPR • TM_PLUS NT_EXPR
   33        | NT_EXPR • TM_MINUS NT_EXPR
   34        | NT_EXPR • TM_DIV NT_EXPR
   35        | NT_EXPR • TM_MOD NT_EXPR
   36        | NT_EXPR • TM_LT NT_EXPR
   37        | NT_EXPR • TM_GT NT_EXPR
   38        | NT_EXPR • TM_LE NT_EXPR
   39        | NT_EXPR • TM_GE NT_EXPR
   40        | NT_EXPR • TM_EQ NT_EXPR
   41        | NT_EXPR • TM_NE NT_EXPR
   41        | NT_EXPR TM_NE NT_EXPR •
   42        | NT_EXPR • TM_AND NT_EXPR
   43        | NT_EXPR • TM_OR NT_EXPR

    TM_PLUS   shift, and go to state 41
    TM_MINUS  shift, and go to state 42
    TM_MUL    shift, and go to state 43
    TM_DIV    shift, and go to state 44
    TM_MOD    shift, and go to state 45

    $default  reduce using rule 41 (NT_EXPR)


State 62

   31 NT_EXPR: NT_EXPR • TM_MUL NT_EXPR
   32        | NT_EXPR • TM_PLUS NT_EXPR
   32        | NT_EXPR TM_PLUS NT_EXPR •
   33        | NT_EXPR • TM_MINUS NT_EXPR
   34        | NT_EXPR • TM_DIV NT_EXPR
   35        | NT_EXPR • TM_MOD NT_EXPR
   36        | NT_EXPR • TM_LT NT_EXPR
   37        | NT_EXPR • TM_GT NT_EXPR
   38        | NT_EXPR • TM_LE NT_EXPR
   39        | NT_EXPR • TM_GE NT_EXPR
   40        | NT_EXPR • TM_EQ NT_EXPR
   41        | NT_EXPR • TM_NE NT_EXPR
   42        | NT_EXPR • TM_AND NT_EXPR
   43        | NT_EXPR • TM_OR NT_EXPR

    TM_MUL  shift, and go to state 43
    TM_DIV  shift, and go to state 44
    TM_MOD  shift, and go to state 45

    $default  reduce using rule 32 (NT_EXPR)


State 63

   31 NT_EXPR: NT_EXPR • TM_MUL NT_EXPR
   32        | NT_EXPR • TM_PLUS NT_EXPR
   33        | NT_EXPR • TM_MINUS NT_EXPR
   33        | NT_EXPR TM_MINUS NT_EXPR •
   34        | NT_EXPR • TM_DIV NT_EXPR
   35        | NT_EXPR • TM_MOD NT_EXPR
   36        | NT_EXPR • TM_LT NT_EXPR
   37        | NT_EXPR • TM_GT NT_EXPR
   38        | NT_EXPR • TM_LE NT_EXPR
   39        | NT_EXPR • TM_GE NT_EXPR
   40        | NT_EXPR • TM_EQ NT_EXPR
   41        | NT_EXPR • TM_NE NT_EXPR
   42        | NT_EXPR • TM_AND NT_EXPR
   43        | NT_EXPR • TM_OR NT_EXPR

    TM_MUL  shift, and go to state 43
    TM_DIV  shift, and go to state 44
    TM_MOD  shift, and go to state 45

    $default  reduce using rule 33 (NT_EXPR)


State 64

   31 NT_EXPR: NT_EXPR • TM_MUL NT_EXPR
   31        | NT_EXPR TM_MUL NT_EXPR •
   32        | NT_EXPR • TM_PLUS NT_EXPR
   33        | NT_EXPR • TM_MINUS NT_EXPR
   34        | NT_EXPR • TM_DIV NT_EXPR
   35        | NT_EXPR • TM_MOD NT_EXPR
   36        | NT_EXPR • TM_LT NT_EXPR
   37        | NT_EXPR • TM_GT NT_EXPR
   38        | NT_EXPR • TM_LE NT_EXPR
   39        | NT_EXPR • TM_GE NT_EXPR
   40        | NT_EXPR • TM_EQ NT_EXPR
   41        | NT_EXPR • TM_NE NT_EXPR
   42        | NT_EXPR • TM_AND NT_EXPR
   43        | NT_EXPR • TM_OR NT_EXPR

    $default  reduce using rule 31 (NT_EXPR)


State 65

   31 NT_EXPR: NT_EXPR • TM_MUL NT_EXPR
   32        | NT_EXPR • TM_PLUS NT_EXPR
   33        | NT_EXPR • TM_MINUS NT_EXPR
   34        | NT_EXPR • TM_DIV NT_EXPR
   34        | NT_EXPR TM_DIV NT_EXPR •
   35        | NT_EXPR • TM_MOD NT_EXPR
   36        | NT_EXPR • TM_LT NT_EXPR
   37        | NT_EXPR • TM_GT NT_EXPR
   38        | NT_EXPR • TM_LE NT_EXPR
   39        | NT_EXPR • TM_GE NT_EXPR
   40        | NT_EXPR • TM_EQ NT_EXPR
   41        | NT_EXPR • TM_NE NT_EXPR
   42        | NT_EXPR • TM_AND NT_EXPR
   43        | NT_EXPR • TM_OR NT_EXPR

    $default  reduce using rule 34 (NT_EXPR)


State 66

   31 NT_EXPR: NT_EXPR • TM_MUL NT_EXPR
   32        | NT_EXPR • TM_PLUS NT_EXPR
   33        | NT_EXPR • TM_MINUS NT_EXPR
   34        | NT_EXPR • TM_DIV NT_EXPR
   35        | NT_EXPR • TM_MOD NT_EXPR
   35        | NT_EXPR TM_MOD NT_EXPR •
   36        | NT_EXPR • TM_LT NT_EXPR
   37        | NT_EXPR • TM_GT NT_EXPR
   38        | NT_EXPR • TM_LE NT_EXPR
   39        | NT_EXPR • TM_GE NT_EXPR
   40        | NT_EXPR • TM_EQ NT_EXPR
   41        | NT_EXPR • TM_NE NT_EXPR
   42        | NT_EXPR • TM_AND NT_EXPR
   43        | NT_EXPR • TM_OR NT_EXPR

    $default  reduce using rule 35 (NT_EXPR)


State 67

   25 NT_EXPR_2: TM_IDENT TM_LEFT_PAREN NT_EXPR_LIST TM_RIGHT_PAREN •

    $default  reduce using rule 25 (NT_EXPR_2)


State 68

   20 NT_EXPR_LIST: NT_EXPR TM_COMMA • NT_EXPR_LIST

    TM_NAT         shift, and go to state 1
    TM_IDENT       shift, and go to state 2
    TM_LEFT_PAREN  shift, and go to state 3
    TM_TRUE        shift, and go to state 4
    TM_FALSE       shift, and go to state 5
    TM_NOT         shift, and go to state 13
    TM_MINUS       shift, and go to state 14

    NT_EXPR_LIST  go to state 73
    NT_EXPR_2     go to state 19
    NT_EXPR       go to state 48


State 69

   16 NT_CMD_: TM_LOOP_INIT TM_COLON TM_LEFT_BRACE TM_RIGHT_BRACE • TM_LOOP_BODY TM_COLON TM_LEFT_BRACE NT_WHOLE TM_RIGHT_BRACE

    TM_LOOP_BODY  shift, and go to state 74


State 70

   14 NT_CMD_: TM_LOOP_INIT TM_COLON TM_LEFT_BRACE NT_WHOLE • TM_RIGHT_BRACE TM_LOOP_BODY TM_COLON TM_LEFT_BRACE NT_WHOLE TM_RIGHT_BRACE

    TM_RIGHT_BRACE  shift, and go to state 75


State 71

   15 NT_CMD_: TM_LOOP_INIT TM_COLON TM_LOOP_BODY TM_COLON • TM_LEFT_BRACE NT_WHOLE TM_RIGHT_BRACE

    TM_LEFT_BRACE  shift, and go to state 76


State 72

   12 NT_CMD_: TM_IF TM_LEFT_PAREN NT_EXPR TM_RIGHT_PAREN • TM_COLON TM_LEFT_BRACE NT_WHOLE TM_RIGHT_BRACE TM_ELSE TM_COLON TM_LEFT_BRACE NT_WHOLE TM_RIGHT_BRACE
   13        | TM_IF TM_LEFT_PAREN NT_EXPR TM_RIGHT_PAREN • TM_COLON TM_LEFT_BRACE NT_WHOLE TM_RIGHT_BRACE

    TM_COLON  shift, and go to state 77


State 73

   20 NT_EXPR_LIST: NT_EXPR TM_COMMA NT_EXPR_LIST •

    $default  reduce using rule 20 (NT_EXPR_LIST)


State 74

   16 NT_CMD_: TM_LOOP_INIT TM_COLON TM_LEFT_BRACE TM_RIGHT_BRACE TM_LOOP_BODY • TM_COLON TM_LEFT_BRACE NT_WHOLE TM_RIGHT_BRACE

    TM_COLON  shift, and go to state 78


State 75

   14 NT_CMD_: TM_LOOP_INIT TM_COLON TM_LEFT_BRACE NT_WHOLE TM_RIGHT_BRACE • TM_LOOP_BODY TM_COLON TM_LEFT_BRACE NT_WHOLE TM_RIGHT_BRACE

    TM_LOOP_BODY  shift, and go to state 79


State 76

   15 NT_CMD_: TM_LOOP_INIT TM_COLON TM_LOOP_BODY TM_COLON TM_LEFT_BRACE • NT_WHOLE TM_RIGHT_BRACE

    TM_NAT         shift, and go to state 1
    TM_IDENT       shift, and go to state 2
    TM_LEFT_PAREN  shift, and go to state 3
    TM_TRUE        shift, and go to state 4
    TM_FALSE       shift, and go to state 5
    TM_CONTINUE    shift, and go to state 6
    TM_BREAK       shift, and go to state 7
    TM_SKIP        shift, and go to state 8
    TM_SEMICOL     shift, and go to state 9
    TM_LOOP_INIT   shift, and go to state 10
    TM_VAR         shift, and go to state 11
    TM_IF          shift, and go to state 12
    TM_NOT         shift, and go to state 13
    TM_MINUS       shift, and go to state 14

    NT_WHOLE   go to state 80
    NT_CMD     go to state 16
    NT_CMDS_   go to state 17
    NT_CMD_    go to state 18
    NT_EXPR_2  go to state 19
    NT_EXPR    go to state 20


State 77

   12 NT_CMD_: TM_IF TM_LEFT_PAREN NT_EXPR TM_RIGHT_PAREN TM_COLON • TM_LEFT_BRACE NT_WHOLE TM_RIGHT_BRACE TM_ELSE TM_COLON TM_LEFT_BRACE NT_WHOLE TM_RIGHT_BRACE
   13        | TM_IF TM_LEFT_PAREN NT_EXPR TM_RIGHT_PAREN TM_COLON • TM_LEFT_BRACE NT_WHOLE TM_RIGHT_BRACE

    TM_LEFT_BRACE  shift, and go to state 81


State 78

   16 NT_CMD_: TM_LOOP_INIT TM_COLON TM_LEFT_BRACE TM_RIGHT_BRACE TM_LOOP_BODY TM_COLON • TM_LEFT_BRACE NT_WHOLE TM_RIGHT_BRACE

    TM_LEFT_BRACE  shift, and go to state 82


State 79

   14 NT_CMD_: TM_LOOP_INIT TM_COLON TM_LEFT_BRACE NT_WHOLE TM_RIGHT_BRACE TM_LOOP_BODY • TM_COLON TM_LEFT_BRACE NT_WHOLE TM_RIGHT_BRACE

    TM_COLON  shift, and go to state 83


State 80

   15 NT_CMD_: TM_LOOP_INIT TM_COLON TM_LOOP_BODY TM_COLON TM_LEFT_BRACE NT_WHOLE • TM_RIGHT_BRACE

    TM_RIGHT_BRACE  shift, and go to state 84


State 81

   12 NT_CMD_: TM_IF TM_LEFT_PAREN NT_EXPR TM_RIGHT_PAREN TM_COLON TM_LEFT_BRACE • NT_WHOLE TM_RIGHT_BRACE TM_ELSE TM_COLON TM_LEFT_BRACE NT_WHOLE TM_RIGHT_BRACE
   13        | TM_IF TM_LEFT_PAREN NT_EXPR TM_RIGHT_PAREN TM_COLON TM_LEFT_BRACE • NT_WHOLE TM_RIGHT_BRACE

    TM_NAT         shift, and go to state 1
    TM_IDENT       shift, and go to state 2
    TM_LEFT_PAREN  shift, and go to state 3
    TM_TRUE        shift, and go to state 4
    TM_FALSE       shift, and go to state 5
    TM_CONTINUE    shift, and go to state 6
    TM_BREAK       shift, and go to state 7
    TM_SKIP        shift, and go to state 8
    TM_SEMICOL     shift, and go to state 9
    TM_LOOP_INIT   shift, and go to state 10
    TM_VAR         shift, and go to state 11
    TM_IF          shift, and go to state 12
    TM_NOT         shift, and go to state 13
    TM_MINUS       shift, and go to state 14

    NT_WHOLE   go to state 85
    NT_CMD     go to state 16
    NT_CMDS_   go to state 17
    NT_CMD_    go to state 18
    NT_EXPR_2  go to state 19
    NT_EXPR    go to state 20


State 82

   16 NT_CMD_: TM_LOOP_INIT TM_COLON TM_LEFT_BRACE TM_RIGHT_BRACE TM_LOOP_BODY TM_COLON TM_LEFT_BRACE • NT_WHOLE TM_RIGHT_BRACE

    TM_NAT         shift, and go to state 1
    TM_IDENT       shift, and go to state 2
    TM_LEFT_PAREN  shift, and go to state 3
    TM_TRUE        shift, and go to state 4
    TM_FALSE       shift, and go to state 5
    TM_CONTINUE    shift, and go to state 6
    TM_BREAK       shift, and go to state 7
    TM_SKIP        shift, and go to state 8
    TM_SEMICOL     shift, and go to state 9
    TM_LOOP_INIT   shift, and go to state 10
    TM_VAR         shift, and go to state 11
    TM_IF          shift, and go to state 12
    TM_NOT         shift, and go to state 13
    TM_MINUS       shift, and go to state 14

    NT_WHOLE   go to state 86
    NT_CMD     go to state 16
    NT_CMDS_   go to state 17
    NT_CMD_    go to state 18
    NT_EXPR_2  go to state 19
    NT_EXPR    go to state 20


State 83

   14 NT_CMD_: TM_LOOP_INIT TM_COLON TM_LEFT_BRACE NT_WHOLE TM_RIGHT_BRACE TM_LOOP_BODY TM_COLON • TM_LEFT_BRACE NT_WHOLE TM_RIGHT_BRACE

    TM_LEFT_BRACE  shift, and go to state 87


State 84

   15 NT_CMD_: TM_LOOP_INIT TM_COLON TM_LOOP_BODY TM_COLON TM_LEFT_BRACE NT_WHOLE TM_RIGHT_BRACE •

    $default  reduce using rule 15 (NT_CMD_)


State 85

   12 NT_CMD_: TM_IF TM_LEFT_PAREN NT_EXPR TM_RIGHT_PAREN TM_COLON TM_LEFT_BRACE NT_WHOLE • TM_RIGHT_BRACE TM_ELSE TM_COLON TM_LEFT_BRACE NT_WHOLE TM_RIGHT_BRACE
   13        | TM_IF TM_LEFT_PAREN NT_EXPR TM_RIGHT_PAREN TM_COLON TM_LEFT_BRACE NT_WHOLE • TM_RIGHT_BRACE

    TM_RIGHT_BRACE  shift, and go to state 88


State 86

   16 NT_CMD_: TM_LOOP_INIT TM_COLON TM_LEFT_BRACE TM_RIGHT_BRACE TM_LOOP_BODY TM_COLON TM_LEFT_BRACE NT_WHOLE • TM_RIGHT_BRACE

    TM_RIGHT_BRACE  shift, and go to state 89


State 87

   14 NT_CMD_: TM_LOOP_INIT TM_COLON TM_LEFT_BRACE NT_WHOLE TM_RIGHT_BRACE TM_LOOP_BODY TM_COLON TM_LEFT_BRACE • NT_WHOLE TM_RIGHT_BRACE

    TM_NAT         shift, and go to state 1
    TM_IDENT       shift, and go to state 2
    TM_LEFT_PAREN  shift, and go to state 3
    TM_TRUE        shift, and go to state 4
    TM_FALSE       shift, and go to state 5
    TM_CONTINUE    shift, and go to state 6
    TM_BREAK       shift, and go to state 7
    TM_SKIP        shift, and go to state 8
    TM_SEMICOL     shift, and go to state 9
    TM_LOOP_INIT   shift, and go to state 10
    TM_VAR         shift, and go to state 11
    TM_IF          shift, and go to state 12
    TM_NOT         shift, and go to state 13
    TM_MINUS       shift, and go to state 14

    NT_WHOLE   go to state 90
    NT_CMD     go to state 16
    NT_CMDS_   go to state 17
    NT_CMD_    go to state 18
    NT_EXPR_2  go to state 19
    NT_EXPR    go to state 20


State 88

   12 NT_CMD_: TM_IF TM_LEFT_PAREN NT_EXPR TM_RIGHT_PAREN TM_COLON TM_LEFT_BRACE NT_WHOLE TM_RIGHT_BRACE • TM_ELSE TM_COLON TM_LEFT_BRACE NT_WHOLE TM_RIGHT_BRACE
   13        | TM_IF TM_LEFT_PAREN NT_EXPR TM_RIGHT_PAREN TM_COLON TM_LEFT_BRACE NT_WHOLE TM_RIGHT_BRACE •

    TM_ELSE  shift, and go to state 91

    $default  reduce using rule 13 (NT_CMD_)


State 89

   16 NT_CMD_: TM_LOOP_INIT TM_COLON TM_LEFT_BRACE TM_RIGHT_BRACE TM_LOOP_BODY TM_COLON TM_LEFT_BRACE NT_WHOLE TM_RIGHT_BRACE •

    $default  reduce using rule 16 (NT_CMD_)


State 90

   14 NT_CMD_: TM_LOOP_INIT TM_COLON TM_LEFT_BRACE NT_WHOLE TM_RIGHT_BRACE TM_LOOP_BODY TM_COLON TM_LEFT_BRACE NT_WHOLE • TM_RIGHT_BRACE

    TM_RIGHT_BRACE  shift, and go to state 92


State 91

   12 NT_CMD_: TM_IF TM_LEFT_PAREN NT_EXPR TM_RIGHT_PAREN TM_COLON TM_LEFT_BRACE NT_WHOLE TM_RIGHT_BRACE TM_ELSE • TM_COLON TM_LEFT_BRACE NT_WHOLE TM_RIGHT_BRACE

    TM_COLON  shift, and go to state 93


State 92

   14 NT_CMD_: TM_LOOP_INIT TM_COLON TM_LEFT_BRACE NT_WHOLE TM_RIGHT_BRACE TM_LOOP_BODY TM_COLON TM_LEFT_BRACE NT_WHOLE TM_RIGHT_BRACE •

    $default  reduce using rule 14 (NT_CMD_)


State 93

   12 NT_CMD_: TM_IF TM_LEFT_PAREN NT_EXPR TM_RIGHT_PAREN TM_COLON TM_LEFT_BRACE NT_WHOLE TM_RIGHT_BRACE TM_ELSE TM_COLON • TM_LEFT_BRACE NT_WHOLE TM_RIGHT_BRACE

    TM_LEFT_BRACE  shift, and go to state 94


State 94

   12 NT_CMD_: TM_IF TM_LEFT_PAREN NT_EXPR TM_RIGHT_PAREN TM_COLON TM_LEFT_BRACE NT_WHOLE TM_RIGHT_BRACE TM_ELSE TM_COLON TM_LEFT_BRACE • NT_WHOLE TM_RIGHT_BRACE

    TM_NAT         shift, and go to state 1
    TM_IDENT       shift, and go to state 2
    TM_LEFT_PAREN  shift, and go to state 3
    TM_TRUE        shift, and go to state 4
    TM_FALSE       shift, and go to state 5
    TM_CONTINUE    shift, and go to state 6
    TM_BREAK       shift, and go to state 7
    TM_SKIP        shift, and go to state 8
    TM_SEMICOL     shift, and go to state 9
    TM_LOOP_INIT   shift, and go to state 10
    TM_VAR         shift, and go to state 11
    TM_IF          shift, and go to state 12
    TM_NOT         shift, and go to state 13
    TM_MINUS       shift, and go to state 14

    NT_WHOLE   go to state 95
    NT_CMD     go to state 16
    NT_CMDS_   go to state 17
    NT_CMD_    go to state 18
    NT_EXPR_2  go to state 19
    NT_EXPR    go to state 20


State 95

   12 NT_CMD_: TM_IF TM_LEFT_PAREN NT_EXPR TM_RIGHT_PAREN TM_COLON TM_LEFT_BRACE NT_WHOLE TM_RIGHT_BRACE TM_ELSE TM_COLON TM_LEFT_BRACE NT_WHOLE • TM_RIGHT_BRACE

    TM_RIGHT_BRACE  shift, and go to state 96


State 96

   12 NT_CMD_: TM_IF TM_LEFT_PAREN NT_EXPR TM_RIGHT_PAREN TM_COLON TM_LEFT_BRACE NT_WHOLE TM_RIGHT_BRACE TM_ELSE TM_COLON TM_LEFT_BRACE NT_WHOLE TM_RIGHT_BRACE •

    $default  reduce using rule 12 (NT_CMD_)
